<?xml version="1.0" encoding="UTF-8"?>
<testsuite name="eggventory.commands.add.AddStockTypeCommandTest" tests="2" skipped="0" failures="0" errors="0" timestamp="2019-10-24T11:37:41" hostname="RaghavDesktop" time="0.001">
  <properties/>
  <testcase name="testExecute_AddRepeatedStockType_Error()" classname="eggventory.commands.add.AddStockTypeCommandTest" time="0.0"/>
  <testcase name="testExecute_AddStockType_Success()" classname="eggventory.commands.add.AddStockTypeCommandTest" time="0.0"/>
  <system-out><![CDATA[]]></system-out>
  <system-err><![CDATA[]]></system-err>
</testsuite>
