<?xml version="1.0" encoding="UTF-8"?>
<testsuite name="eggventory.commands.delete.DeleteStockCommandTest" tests="2" skipped="0" failures="0" errors="0" timestamp="2019-10-24T11:37:41" hostname="RaghavDesktop" time="0.002">
  <properties/>
  <testcase name="testExecute_DeleteNonexistentStock_Error()" classname="eggventory.commands.delete.DeleteStockCommandTest" time="0.001"/>
  <testcase name="testExecute_DeleteStock_Success()" classname="eggventory.commands.delete.DeleteStockCommandTest" time="0.001"/>
  <system-out><![CDATA[]]></system-out>
  <system-err><![CDATA[]]></system-err>
</testsuite>
