<?xml version="1.0" encoding="UTF-8"?>
<testsuite name="eggventory.commands.add.AddStockCommandTest" tests="3" skipped="0" failures="0" errors="0" timestamp="2019-10-24T11:37:41" hostname="RaghavDesktop" time="0.012">
  <properties/>
  <testcase name="testExecute_AddStock_Success()" classname="eggventory.commands.add.AddStockCommandTest" time="0.01"/>
  <testcase name="execute()" classname="eggventory.commands.add.AddStockCommandTest" time="0.0"/>
  <testcase name="testExecute_AddDuplicateStock_Error()" classname="eggventory.commands.add.AddStockCommandTest" time="0.001"/>
  <system-out><![CDATA[]]></system-out>
  <system-err><![CDATA[]]></system-err>
</testsuite>
