<?xml version="1.0" encoding="UTF-8"?>
<testsuite name="eggventory.commands.CommandTest" tests="2" skipped="0" failures="0" errors="0" timestamp="2019-10-24T11:37:41" hostname="RaghavDesktop" time="0.001">
  <properties/>
  <testcase name="getType()" classname="eggventory.commands.CommandTest" time="0.0"/>
  <testcase name="getTypeDefault()" classname="eggventory.commands.CommandTest" time="0.001"/>
  <system-out><![CDATA[]]></system-out>
  <system-err><![CDATA[]]></system-err>
</testsuite>
